1673872668989|0|statement|connection 35|url jdbc:h2:mem:a8d008ae-62c8-47d8-8346-9490a07461ee|drop table if exists member CASCADE |drop table if exists member CASCADE 
1673872668989|0|statement|connection 35|url jdbc:h2:mem:a8d008ae-62c8-47d8-8346-9490a07461ee|drop table if exists post CASCADE |drop table if exists post CASCADE 
1673920148183|2|statement|connection 35|url jdbc:h2:mem:d9ec6789-4aeb-4741-b105-6a451fb84c90|drop table if exists member CASCADE |drop table if exists member CASCADE 
1673920148184|0|statement|connection 35|url jdbc:h2:mem:d9ec6789-4aeb-4741-b105-6a451fb84c90|drop table if exists post CASCADE |drop table if exists post CASCADE 
1673933009309|1|statement|connection 14|url jdbc:h2:mem:490ee052-a476-44fd-aa61-a55fc4ae800a|drop table if exists member CASCADE |drop table if exists member CASCADE 
1673933009310|0|statement|connection 14|url jdbc:h2:mem:490ee052-a476-44fd-aa61-a55fc4ae800a|drop table if exists post CASCADE |drop table if exists post CASCADE 
1674049041576|0|statement|connection 44|url jdbc:h2:mem:c3428584-4256-4be2-b7fc-52ff3b92ce1b|drop table if exists authorization_session CASCADE |drop table if exists authorization_session CASCADE 
1674049041577|0|statement|connection 44|url jdbc:h2:mem:c3428584-4256-4be2-b7fc-52ff3b92ce1b|drop table if exists member CASCADE |drop table if exists member CASCADE 
1674049041577|0|statement|connection 44|url jdbc:h2:mem:c3428584-4256-4be2-b7fc-52ff3b92ce1b|drop table if exists post CASCADE |drop table if exists post CASCADE 
1674114084825|1|statement|connection 44|url jdbc:h2:mem:3d286af8-f125-43e7-921f-f127f78a7ca2|drop table if exists auth_session CASCADE |drop table if exists auth_session CASCADE 
1674114084827|0|statement|connection 44|url jdbc:h2:mem:3d286af8-f125-43e7-921f-f127f78a7ca2|drop table if exists member CASCADE |drop table if exists member CASCADE 
1674114084827|0|statement|connection 44|url jdbc:h2:mem:3d286af8-f125-43e7-921f-f127f78a7ca2|drop table if exists post CASCADE |drop table if exists post CASCADE 
1674114530731|1|statement|connection 44|url jdbc:h2:mem:c204e666-562a-4c73-99d3-2fd3b198719b|drop table if exists auth_session CASCADE |drop table if exists auth_session CASCADE 
1674114530732|0|statement|connection 44|url jdbc:h2:mem:c204e666-562a-4c73-99d3-2fd3b198719b|drop table if exists member CASCADE |drop table if exists member CASCADE 
1674114530732|0|statement|connection 44|url jdbc:h2:mem:c204e666-562a-4c73-99d3-2fd3b198719b|drop table if exists post CASCADE |drop table if exists post CASCADE 
1674121103866|1|statement|connection 44|url jdbc:h2:mem:4bbf6264-9e7b-4101-bb0b-b67d4d295ee8|drop table if exists auth_session CASCADE |drop table if exists auth_session CASCADE 
1674121103867|0|statement|connection 44|url jdbc:h2:mem:4bbf6264-9e7b-4101-bb0b-b67d4d295ee8|drop table if exists member CASCADE |drop table if exists member CASCADE 
1674121103868|0|statement|connection 44|url jdbc:h2:mem:4bbf6264-9e7b-4101-bb0b-b67d4d295ee8|drop table if exists post CASCADE |drop table if exists post CASCADE 
1674141250352|0|statement|connection 44|url jdbc:h2:mem:32e2773a-990d-41f3-9588-f77e9d879e71|drop table if exists auth_session CASCADE |drop table if exists auth_session CASCADE 
1674141250353|0|statement|connection 44|url jdbc:h2:mem:32e2773a-990d-41f3-9588-f77e9d879e71|drop table if exists member CASCADE |drop table if exists member CASCADE 
1674141250353|0|statement|connection 44|url jdbc:h2:mem:32e2773a-990d-41f3-9588-f77e9d879e71|drop table if exists post CASCADE |drop table if exists post CASCADE 
1674639951604|0|statement|connection 17|url jdbc:h2:mem:3c79ad48-b4a1-4a37-8046-d2f86b68511c|drop table if exists auth_session CASCADE |drop table if exists auth_session CASCADE 
1674639951604|0|statement|connection 17|url jdbc:h2:mem:3c79ad48-b4a1-4a37-8046-d2f86b68511c|drop table if exists member CASCADE |drop table if exists member CASCADE 
1674639951604|0|statement|connection 17|url jdbc:h2:mem:3c79ad48-b4a1-4a37-8046-d2f86b68511c|drop table if exists post CASCADE |drop table if exists post CASCADE 
1674656646180|0|statement|connection 52|url jdbc:h2:mem:31ccc79e-4b86-4175-9cbe-e608931a9a90|drop table if exists auth_session CASCADE |drop table if exists auth_session CASCADE 
1674656646181|0|statement|connection 52|url jdbc:h2:mem:31ccc79e-4b86-4175-9cbe-e608931a9a90|drop table if exists member CASCADE |drop table if exists member CASCADE 
1674656646181|0|statement|connection 52|url jdbc:h2:mem:31ccc79e-4b86-4175-9cbe-e608931a9a90|drop table if exists post CASCADE |drop table if exists post CASCADE 
1674701265129|0|statement|connection 64|url jdbc:h2:mem:0b272e19-1e5c-445b-b9d5-6d4b5bbb8e1d|drop table if exists auth_session CASCADE |drop table if exists auth_session CASCADE 
1674701265129|0|statement|connection 64|url jdbc:h2:mem:0b272e19-1e5c-445b-b9d5-6d4b5bbb8e1d|drop table if exists member CASCADE |drop table if exists member CASCADE 
1674701265129|0|statement|connection 64|url jdbc:h2:mem:0b272e19-1e5c-445b-b9d5-6d4b5bbb8e1d|drop table if exists post CASCADE |drop table if exists post CASCADE 
1674701352646|0|statement|connection 61|url jdbc:h2:mem:32fb8d45-ec58-4c6d-96e3-d314172acc81|drop table if exists auth_session CASCADE |drop table if exists auth_session CASCADE 
1674701352646|0|statement|connection 61|url jdbc:h2:mem:32fb8d45-ec58-4c6d-96e3-d314172acc81|drop table if exists member CASCADE |drop table if exists member CASCADE 
1674701352647|0|statement|connection 61|url jdbc:h2:mem:32fb8d45-ec58-4c6d-96e3-d314172acc81|drop table if exists post CASCADE |drop table if exists post CASCADE 
1674701524504|2|statement|connection 61|url jdbc:h2:mem:6c35156a-d1e9-40f8-8aa4-bf3b90101e81|drop table if exists auth_session CASCADE |drop table if exists auth_session CASCADE 
1674701524505|0|statement|connection 61|url jdbc:h2:mem:6c35156a-d1e9-40f8-8aa4-bf3b90101e81|drop table if exists member CASCADE |drop table if exists member CASCADE 
1674701524506|0|statement|connection 61|url jdbc:h2:mem:6c35156a-d1e9-40f8-8aa4-bf3b90101e81|drop table if exists post CASCADE |drop table if exists post CASCADE 
1674703170487|0|statement|connection 21|url jdbc:h2:mem:e267fee9-c4aa-4d58-b63b-eb8f16c3527a|drop table if exists auth_session CASCADE |drop table if exists auth_session CASCADE 
1674703170488|0|statement|connection 21|url jdbc:h2:mem:e267fee9-c4aa-4d58-b63b-eb8f16c3527a|drop table if exists member CASCADE |drop table if exists member CASCADE 
1674703170488|0|statement|connection 21|url jdbc:h2:mem:e267fee9-c4aa-4d58-b63b-eb8f16c3527a|drop table if exists post CASCADE |drop table if exists post CASCADE 
1674703186005|0|statement|connection 61|url jdbc:h2:mem:ac6a7015-ce25-4b40-8c8e-b0860f336d5a|drop table if exists auth_session CASCADE |drop table if exists auth_session CASCADE 
1674703186006|0|statement|connection 61|url jdbc:h2:mem:ac6a7015-ce25-4b40-8c8e-b0860f336d5a|drop table if exists member CASCADE |drop table if exists member CASCADE 
1674703186006|0|statement|connection 61|url jdbc:h2:mem:ac6a7015-ce25-4b40-8c8e-b0860f336d5a|drop table if exists post CASCADE |drop table if exists post CASCADE 
1674703377307|0|statement|connection 61|url jdbc:h2:mem:e922c279-40b8-47ed-9be8-205eccd52bdc|drop table if exists auth_session CASCADE |drop table if exists auth_session CASCADE 
1674703377308|0|statement|connection 61|url jdbc:h2:mem:e922c279-40b8-47ed-9be8-205eccd52bdc|drop table if exists member CASCADE |drop table if exists member CASCADE 
1674703377309|0|statement|connection 61|url jdbc:h2:mem:e922c279-40b8-47ed-9be8-205eccd52bdc|drop table if exists post CASCADE |drop table if exists post CASCADE 
1674703766314|0|statement|connection 61|url jdbc:h2:mem:83e36b9d-cd1e-46f7-b02b-f43a2ac39e65|drop table if exists auth_session CASCADE |drop table if exists auth_session CASCADE 
1674703766315|0|statement|connection 61|url jdbc:h2:mem:83e36b9d-cd1e-46f7-b02b-f43a2ac39e65|drop table if exists member CASCADE |drop table if exists member CASCADE 
1674703766315|0|statement|connection 61|url jdbc:h2:mem:83e36b9d-cd1e-46f7-b02b-f43a2ac39e65|drop table if exists post CASCADE |drop table if exists post CASCADE 
1674703885873|1|statement|connection 61|url jdbc:h2:mem:2891007a-df00-4454-8f99-85525f89c4af|drop table if exists auth_session CASCADE |drop table if exists auth_session CASCADE 
1674703885873|0|statement|connection 61|url jdbc:h2:mem:2891007a-df00-4454-8f99-85525f89c4af|drop table if exists member CASCADE |drop table if exists member CASCADE 
1674703885874|0|statement|connection 61|url jdbc:h2:mem:2891007a-df00-4454-8f99-85525f89c4af|drop table if exists post CASCADE |drop table if exists post CASCADE 
1674704064699|0|statement|connection 61|url jdbc:h2:mem:d1ad3169-5f6e-47bc-a4f7-5e269cb49fed|drop table if exists auth_session CASCADE |drop table if exists auth_session CASCADE 
1674704064700|0|statement|connection 61|url jdbc:h2:mem:d1ad3169-5f6e-47bc-a4f7-5e269cb49fed|drop table if exists member CASCADE |drop table if exists member CASCADE 
1674704064700|0|statement|connection 61|url jdbc:h2:mem:d1ad3169-5f6e-47bc-a4f7-5e269cb49fed|drop table if exists post CASCADE |drop table if exists post CASCADE 
1674704330781|2|statement|connection 61|url jdbc:h2:mem:bfd32cfb-a570-46a2-a04b-93cf9d1c8412|drop table if exists auth_session CASCADE |drop table if exists auth_session CASCADE 
1674704330782|0|statement|connection 61|url jdbc:h2:mem:bfd32cfb-a570-46a2-a04b-93cf9d1c8412|drop table if exists member CASCADE |drop table if exists member CASCADE 
1674704330782|0|statement|connection 61|url jdbc:h2:mem:bfd32cfb-a570-46a2-a04b-93cf9d1c8412|drop table if exists post CASCADE |drop table if exists post CASCADE 
1674705502792|1|statement|connection 61|url jdbc:h2:mem:0dc31a02-34c9-4f44-bc1f-f1892c835cd2|drop table if exists auth_session CASCADE |drop table if exists auth_session CASCADE 
1674705502793|0|statement|connection 61|url jdbc:h2:mem:0dc31a02-34c9-4f44-bc1f-f1892c835cd2|drop table if exists member CASCADE |drop table if exists member CASCADE 
1674705502793|0|statement|connection 61|url jdbc:h2:mem:0dc31a02-34c9-4f44-bc1f-f1892c835cd2|drop table if exists post CASCADE |drop table if exists post CASCADE 
1674714486801|0|statement|connection 61|url jdbc:h2:mem:28e9eee8-89e5-4a0c-9cc8-16368cfdf7f8|drop table if exists auth_session CASCADE |drop table if exists auth_session CASCADE 
1674714486802|0|statement|connection 61|url jdbc:h2:mem:28e9eee8-89e5-4a0c-9cc8-16368cfdf7f8|drop table if exists member CASCADE |drop table if exists member CASCADE 
1674714486802|0|statement|connection 61|url jdbc:h2:mem:28e9eee8-89e5-4a0c-9cc8-16368cfdf7f8|drop table if exists post CASCADE |drop table if exists post CASCADE 
1674714507962|0|statement|connection 61|url jdbc:h2:mem:b18396f9-fa01-472c-8540-446bab8c02a4|drop table if exists auth_session CASCADE |drop table if exists auth_session CASCADE 
1674714507963|0|statement|connection 61|url jdbc:h2:mem:b18396f9-fa01-472c-8540-446bab8c02a4|drop table if exists member CASCADE |drop table if exists member CASCADE 
1674714507963|0|statement|connection 61|url jdbc:h2:mem:b18396f9-fa01-472c-8540-446bab8c02a4|drop table if exists post CASCADE |drop table if exists post CASCADE 
1674714605017|0|statement|connection 61|url jdbc:h2:mem:ecce9706-6a03-4d75-b319-7f504d016e25|drop table if exists auth_session CASCADE |drop table if exists auth_session CASCADE 
1674714605018|0|statement|connection 61|url jdbc:h2:mem:ecce9706-6a03-4d75-b319-7f504d016e25|drop table if exists member CASCADE |drop table if exists member CASCADE 
1674714605018|0|statement|connection 61|url jdbc:h2:mem:ecce9706-6a03-4d75-b319-7f504d016e25|drop table if exists post CASCADE |drop table if exists post CASCADE 
1674716004594|0|statement|connection 61|url jdbc:h2:mem:818274af-f81e-412e-ba1e-65fe58e5f648|drop table if exists auth_session CASCADE |drop table if exists auth_session CASCADE 
1674716004595|0|statement|connection 61|url jdbc:h2:mem:818274af-f81e-412e-ba1e-65fe58e5f648|drop table if exists member CASCADE |drop table if exists member CASCADE 
1674716004595|0|statement|connection 61|url jdbc:h2:mem:818274af-f81e-412e-ba1e-65fe58e5f648|drop table if exists post CASCADE |drop table if exists post CASCADE 
1674719452240|0|statement|connection 62|url jdbc:h2:mem:2f5d681d-f325-480e-84bc-b422de07397e|drop table if exists auth_session CASCADE |drop table if exists auth_session CASCADE 
1674719452241|0|statement|connection 62|url jdbc:h2:mem:2f5d681d-f325-480e-84bc-b422de07397e|drop table if exists member CASCADE |drop table if exists member CASCADE 
1674719452241|0|statement|connection 62|url jdbc:h2:mem:2f5d681d-f325-480e-84bc-b422de07397e|drop table if exists post CASCADE |drop table if exists post CASCADE 
1674719687856|0|statement|connection 62|url jdbc:h2:mem:3f8f9b65-5812-45eb-9fc8-a1c1029b8daa|drop table if exists auth_session CASCADE |drop table if exists auth_session CASCADE 
1674719687856|0|statement|connection 62|url jdbc:h2:mem:3f8f9b65-5812-45eb-9fc8-a1c1029b8daa|drop table if exists member CASCADE |drop table if exists member CASCADE 
1674719687856|0|statement|connection 62|url jdbc:h2:mem:3f8f9b65-5812-45eb-9fc8-a1c1029b8daa|drop table if exists post CASCADE |drop table if exists post CASCADE 
1674719770744|0|statement|connection 62|url jdbc:h2:mem:b737b1fe-302b-4507-b398-3115b3cc8bee|drop table if exists auth_session CASCADE |drop table if exists auth_session CASCADE 
1674719770745|0|statement|connection 62|url jdbc:h2:mem:b737b1fe-302b-4507-b398-3115b3cc8bee|drop table if exists member CASCADE |drop table if exists member CASCADE 
1674719770745|0|statement|connection 62|url jdbc:h2:mem:b737b1fe-302b-4507-b398-3115b3cc8bee|drop table if exists post CASCADE |drop table if exists post CASCADE 
1674719862316|0|statement|connection 62|url jdbc:h2:mem:4d772550-d745-4833-8f25-882e4b3dafd1|drop table if exists auth_session CASCADE |drop table if exists auth_session CASCADE 
1674719862317|0|statement|connection 62|url jdbc:h2:mem:4d772550-d745-4833-8f25-882e4b3dafd1|drop table if exists member CASCADE |drop table if exists member CASCADE 
1674719862317|0|statement|connection 62|url jdbc:h2:mem:4d772550-d745-4833-8f25-882e4b3dafd1|drop table if exists post CASCADE |drop table if exists post CASCADE 
1674719895381|0|statement|connection 62|url jdbc:h2:mem:2129f504-ffab-4618-b64b-d7aa39026397|drop table if exists auth_session CASCADE |drop table if exists auth_session CASCADE 
1674719895382|0|statement|connection 62|url jdbc:h2:mem:2129f504-ffab-4618-b64b-d7aa39026397|drop table if exists member CASCADE |drop table if exists member CASCADE 
1674719895382|0|statement|connection 62|url jdbc:h2:mem:2129f504-ffab-4618-b64b-d7aa39026397|drop table if exists post CASCADE |drop table if exists post CASCADE 
1674720075361|0|statement|connection 62|url jdbc:h2:mem:589659c3-7f03-4ef1-b529-fe20fa2a13a7|drop table if exists auth_session CASCADE |drop table if exists auth_session CASCADE 
1674720075362|0|statement|connection 62|url jdbc:h2:mem:589659c3-7f03-4ef1-b529-fe20fa2a13a7|drop table if exists member CASCADE |drop table if exists member CASCADE 
1674720075363|0|statement|connection 62|url jdbc:h2:mem:589659c3-7f03-4ef1-b529-fe20fa2a13a7|drop table if exists post CASCADE |drop table if exists post CASCADE 
1674720097302|0|statement|connection 62|url jdbc:h2:mem:e571b8c8-4887-4a00-969a-44d62aeca1db|drop table if exists auth_session CASCADE |drop table if exists auth_session CASCADE 
1674720097303|0|statement|connection 62|url jdbc:h2:mem:e571b8c8-4887-4a00-969a-44d62aeca1db|drop table if exists member CASCADE |drop table if exists member CASCADE 
1674720097303|0|statement|connection 62|url jdbc:h2:mem:e571b8c8-4887-4a00-969a-44d62aeca1db|drop table if exists post CASCADE |drop table if exists post CASCADE 
1674720141092|0|statement|connection 62|url jdbc:h2:mem:85d5b3ac-38f6-4f43-b2b6-61df118efa77|drop table if exists auth_session CASCADE |drop table if exists auth_session CASCADE 
1674720141092|0|statement|connection 62|url jdbc:h2:mem:85d5b3ac-38f6-4f43-b2b6-61df118efa77|drop table if exists member CASCADE |drop table if exists member CASCADE 
1674720141093|0|statement|connection 62|url jdbc:h2:mem:85d5b3ac-38f6-4f43-b2b6-61df118efa77|drop table if exists post CASCADE |drop table if exists post CASCADE 
1674720232699|0|statement|connection 62|url jdbc:h2:mem:1e4cf146-dc7d-4d72-8e72-5edd64aae9d4|drop table if exists auth_session CASCADE |drop table if exists auth_session CASCADE 
1674720232700|0|statement|connection 62|url jdbc:h2:mem:1e4cf146-dc7d-4d72-8e72-5edd64aae9d4|drop table if exists member CASCADE |drop table if exists member CASCADE 
1674720232700|0|statement|connection 62|url jdbc:h2:mem:1e4cf146-dc7d-4d72-8e72-5edd64aae9d4|drop table if exists post CASCADE |drop table if exists post CASCADE 
1674720292524|0|statement|connection 62|url jdbc:h2:mem:0129b9a4-c4eb-4af5-a8d3-9e3c28d28b01|drop table if exists auth_session CASCADE |drop table if exists auth_session CASCADE 
1674720292524|0|statement|connection 62|url jdbc:h2:mem:0129b9a4-c4eb-4af5-a8d3-9e3c28d28b01|drop table if exists member CASCADE |drop table if exists member CASCADE 
1674720292524|0|statement|connection 62|url jdbc:h2:mem:0129b9a4-c4eb-4af5-a8d3-9e3c28d28b01|drop table if exists post CASCADE |drop table if exists post CASCADE 
1674721604979|0|statement|connection 66|url jdbc:h2:mem:951cfc09-f1d0-4d61-ae1c-acf2c8e88be5|drop table if exists auth_session CASCADE |drop table if exists auth_session CASCADE 
1674721604980|0|statement|connection 66|url jdbc:h2:mem:951cfc09-f1d0-4d61-ae1c-acf2c8e88be5|drop table if exists member CASCADE |drop table if exists member CASCADE 
1674721604980|0|statement|connection 66|url jdbc:h2:mem:951cfc09-f1d0-4d61-ae1c-acf2c8e88be5|drop table if exists post CASCADE |drop table if exists post CASCADE 
1674721605092|0|statement|connection 67|url jdbc:h2:mem:e561b5a2-3862-4524-849e-e6ca0ccbe9df|drop table if exists auth_session CASCADE |drop table if exists auth_session CASCADE 
1674721605092|0|statement|connection 67|url jdbc:h2:mem:e561b5a2-3862-4524-849e-e6ca0ccbe9df|drop table if exists member CASCADE |drop table if exists member CASCADE 
1674721605092|0|statement|connection 67|url jdbc:h2:mem:e561b5a2-3862-4524-849e-e6ca0ccbe9df|drop table if exists post CASCADE |drop table if exists post CASCADE 
1674721653637|0|statement|connection 66|url jdbc:h2:mem:d44cd92c-2390-4043-91ef-3f51ebcecfb7|drop table if exists auth_session CASCADE |drop table if exists auth_session CASCADE 
1674721653638|0|statement|connection 66|url jdbc:h2:mem:d44cd92c-2390-4043-91ef-3f51ebcecfb7|drop table if exists member CASCADE |drop table if exists member CASCADE 
1674721653638|0|statement|connection 66|url jdbc:h2:mem:d44cd92c-2390-4043-91ef-3f51ebcecfb7|drop table if exists post CASCADE |drop table if exists post CASCADE 
1674721653751|0|statement|connection 67|url jdbc:h2:mem:619fa177-3932-43a8-a40a-d0802dae701e|drop table if exists auth_session CASCADE |drop table if exists auth_session CASCADE 
1674721653751|0|statement|connection 67|url jdbc:h2:mem:619fa177-3932-43a8-a40a-d0802dae701e|drop table if exists member CASCADE |drop table if exists member CASCADE 
1674721653751|0|statement|connection 67|url jdbc:h2:mem:619fa177-3932-43a8-a40a-d0802dae701e|drop table if exists post CASCADE |drop table if exists post CASCADE 
1674721664613|0|statement|connection 66|url jdbc:h2:mem:c736c433-d0b3-4fd1-91e5-b2e2821f2700|drop table if exists auth_session CASCADE |drop table if exists auth_session CASCADE 
1674721664615|0|statement|connection 66|url jdbc:h2:mem:c736c433-d0b3-4fd1-91e5-b2e2821f2700|drop table if exists member CASCADE |drop table if exists member CASCADE 
1674721664615|0|statement|connection 66|url jdbc:h2:mem:c736c433-d0b3-4fd1-91e5-b2e2821f2700|drop table if exists post CASCADE |drop table if exists post CASCADE 
1674721664727|0|statement|connection 67|url jdbc:h2:mem:eee179d8-67e4-4a47-9793-3bf1eb086a25|drop table if exists auth_session CASCADE |drop table if exists auth_session CASCADE 
1674721664728|0|statement|connection 67|url jdbc:h2:mem:eee179d8-67e4-4a47-9793-3bf1eb086a25|drop table if exists member CASCADE |drop table if exists member CASCADE 
1674721664728|0|statement|connection 67|url jdbc:h2:mem:eee179d8-67e4-4a47-9793-3bf1eb086a25|drop table if exists post CASCADE |drop table if exists post CASCADE 
1674722028493|0|statement|connection 66|url jdbc:h2:mem:98da5a0e-3da9-4e83-a163-2d981a61bd3b|drop table if exists auth_session CASCADE |drop table if exists auth_session CASCADE 
1674722028494|0|statement|connection 66|url jdbc:h2:mem:98da5a0e-3da9-4e83-a163-2d981a61bd3b|drop table if exists member CASCADE |drop table if exists member CASCADE 
1674722028495|0|statement|connection 66|url jdbc:h2:mem:98da5a0e-3da9-4e83-a163-2d981a61bd3b|drop table if exists post CASCADE |drop table if exists post CASCADE 
1674722028605|0|statement|connection 67|url jdbc:h2:mem:813e0d1e-3c4b-4d4a-82a3-0cc0f4ce874c|drop table if exists auth_session CASCADE |drop table if exists auth_session CASCADE 
1674722028605|0|statement|connection 67|url jdbc:h2:mem:813e0d1e-3c4b-4d4a-82a3-0cc0f4ce874c|drop table if exists member CASCADE |drop table if exists member CASCADE 
1674722028605|0|statement|connection 67|url jdbc:h2:mem:813e0d1e-3c4b-4d4a-82a3-0cc0f4ce874c|drop table if exists post CASCADE |drop table if exists post CASCADE 
1674722047518|0|statement|connection 66|url jdbc:h2:mem:bf688029-a97e-489f-a74a-ccd9dd4fd0a7|drop table if exists auth_session CASCADE |drop table if exists auth_session CASCADE 
1674722047519|0|statement|connection 66|url jdbc:h2:mem:bf688029-a97e-489f-a74a-ccd9dd4fd0a7|drop table if exists member CASCADE |drop table if exists member CASCADE 
1674722047519|0|statement|connection 66|url jdbc:h2:mem:bf688029-a97e-489f-a74a-ccd9dd4fd0a7|drop table if exists post CASCADE |drop table if exists post CASCADE 
1674722047629|0|statement|connection 67|url jdbc:h2:mem:04e0c3d7-f4f5-4715-8569-7f81e90a2794|drop table if exists auth_session CASCADE |drop table if exists auth_session CASCADE 
1674722047630|0|statement|connection 67|url jdbc:h2:mem:04e0c3d7-f4f5-4715-8569-7f81e90a2794|drop table if exists member CASCADE |drop table if exists member CASCADE 
1674722047630|0|statement|connection 67|url jdbc:h2:mem:04e0c3d7-f4f5-4715-8569-7f81e90a2794|drop table if exists post CASCADE |drop table if exists post CASCADE 
1674722070307|0|statement|connection 66|url jdbc:h2:mem:317a8559-c721-4cb3-9618-591685fee642|drop table if exists auth_session CASCADE |drop table if exists auth_session CASCADE 
1674722070307|0|statement|connection 66|url jdbc:h2:mem:317a8559-c721-4cb3-9618-591685fee642|drop table if exists member CASCADE |drop table if exists member CASCADE 
1674722070307|0|statement|connection 66|url jdbc:h2:mem:317a8559-c721-4cb3-9618-591685fee642|drop table if exists post CASCADE |drop table if exists post CASCADE 
1674722070420|0|statement|connection 67|url jdbc:h2:mem:1bd53ca4-cb28-40e7-a54a-5f8d5dbb1070|drop table if exists auth_session CASCADE |drop table if exists auth_session CASCADE 
1674722070420|0|statement|connection 67|url jdbc:h2:mem:1bd53ca4-cb28-40e7-a54a-5f8d5dbb1070|drop table if exists member CASCADE |drop table if exists member CASCADE 
1674722070421|0|statement|connection 67|url jdbc:h2:mem:1bd53ca4-cb28-40e7-a54a-5f8d5dbb1070|drop table if exists post CASCADE |drop table if exists post CASCADE 
1674722589577|0|statement|connection 66|url jdbc:h2:mem:3c8850a2-a62f-4141-8360-847ffad0624d|drop table if exists auth_session CASCADE |drop table if exists auth_session CASCADE 
1674722589578|0|statement|connection 66|url jdbc:h2:mem:3c8850a2-a62f-4141-8360-847ffad0624d|drop table if exists member CASCADE |drop table if exists member CASCADE 
1674722589578|0|statement|connection 66|url jdbc:h2:mem:3c8850a2-a62f-4141-8360-847ffad0624d|drop table if exists post CASCADE |drop table if exists post CASCADE 
1674722589690|0|statement|connection 67|url jdbc:h2:mem:105961f8-53ab-4cf0-8dd7-6d51d5359060|drop table if exists auth_session CASCADE |drop table if exists auth_session CASCADE 
1674722589691|0|statement|connection 67|url jdbc:h2:mem:105961f8-53ab-4cf0-8dd7-6d51d5359060|drop table if exists member CASCADE |drop table if exists member CASCADE 
1674722589691|0|statement|connection 67|url jdbc:h2:mem:105961f8-53ab-4cf0-8dd7-6d51d5359060|drop table if exists post CASCADE |drop table if exists post CASCADE 
1674722625281|0|statement|connection 66|url jdbc:h2:mem:35d4eb54-d7cf-4b78-89d2-739ccaaf39c9|drop table if exists auth_session CASCADE |drop table if exists auth_session CASCADE 
1674722625282|0|statement|connection 66|url jdbc:h2:mem:35d4eb54-d7cf-4b78-89d2-739ccaaf39c9|drop table if exists member CASCADE |drop table if exists member CASCADE 
1674722625282|0|statement|connection 66|url jdbc:h2:mem:35d4eb54-d7cf-4b78-89d2-739ccaaf39c9|drop table if exists post CASCADE |drop table if exists post CASCADE 
1674722625397|0|statement|connection 67|url jdbc:h2:mem:27811b54-ed5a-4ed6-b5b2-6ca0dd462871|drop table if exists auth_session CASCADE |drop table if exists auth_session CASCADE 
1674722625397|0|statement|connection 67|url jdbc:h2:mem:27811b54-ed5a-4ed6-b5b2-6ca0dd462871|drop table if exists member CASCADE |drop table if exists member CASCADE 
1674722625398|0|statement|connection 67|url jdbc:h2:mem:27811b54-ed5a-4ed6-b5b2-6ca0dd462871|drop table if exists post CASCADE |drop table if exists post CASCADE 
1674722660032|0|statement|connection 66|url jdbc:h2:mem:cd42be2e-9408-47b3-80ae-cb3c8838fd3d|drop table if exists auth_session CASCADE |drop table if exists auth_session CASCADE 
1674722660033|0|statement|connection 66|url jdbc:h2:mem:cd42be2e-9408-47b3-80ae-cb3c8838fd3d|drop table if exists member CASCADE |drop table if exists member CASCADE 
1674722660033|0|statement|connection 66|url jdbc:h2:mem:cd42be2e-9408-47b3-80ae-cb3c8838fd3d|drop table if exists post CASCADE |drop table if exists post CASCADE 
1674722660148|0|statement|connection 67|url jdbc:h2:mem:4143d1c0-10f1-468c-9419-a8fa53e0df38|drop table if exists auth_session CASCADE |drop table if exists auth_session CASCADE 
1674722660149|0|statement|connection 67|url jdbc:h2:mem:4143d1c0-10f1-468c-9419-a8fa53e0df38|drop table if exists member CASCADE |drop table if exists member CASCADE 
1674722660149|0|statement|connection 67|url jdbc:h2:mem:4143d1c0-10f1-468c-9419-a8fa53e0df38|drop table if exists post CASCADE |drop table if exists post CASCADE 
1674722734235|0|statement|connection 66|url jdbc:h2:mem:c218df13-5531-4a64-b8c5-8585abda55d5|drop table if exists auth_session CASCADE |drop table if exists auth_session CASCADE 
1674722734236|0|statement|connection 66|url jdbc:h2:mem:c218df13-5531-4a64-b8c5-8585abda55d5|drop table if exists member CASCADE |drop table if exists member CASCADE 
1674722734236|0|statement|connection 66|url jdbc:h2:mem:c218df13-5531-4a64-b8c5-8585abda55d5|drop table if exists post CASCADE |drop table if exists post CASCADE 
1674722734353|0|statement|connection 67|url jdbc:h2:mem:3772f71c-6964-4613-abd3-455d932e6ad8|drop table if exists auth_session CASCADE |drop table if exists auth_session CASCADE 
1674722734353|0|statement|connection 67|url jdbc:h2:mem:3772f71c-6964-4613-abd3-455d932e6ad8|drop table if exists member CASCADE |drop table if exists member CASCADE 
1674722734353|0|statement|connection 67|url jdbc:h2:mem:3772f71c-6964-4613-abd3-455d932e6ad8|drop table if exists post CASCADE |drop table if exists post CASCADE 
1674722785719|0|statement|connection 66|url jdbc:h2:mem:17ba62eb-3bb7-4f85-afee-273703d1aa2f|drop table if exists auth_session CASCADE |drop table if exists auth_session CASCADE 
1674722785720|0|statement|connection 66|url jdbc:h2:mem:17ba62eb-3bb7-4f85-afee-273703d1aa2f|drop table if exists member CASCADE |drop table if exists member CASCADE 
1674722785720|0|statement|connection 66|url jdbc:h2:mem:17ba62eb-3bb7-4f85-afee-273703d1aa2f|drop table if exists post CASCADE |drop table if exists post CASCADE 
1674722785834|0|statement|connection 67|url jdbc:h2:mem:2c0651b6-75fb-4ec8-9312-4d1cb5f4ae72|drop table if exists auth_session CASCADE |drop table if exists auth_session CASCADE 
1674722785834|0|statement|connection 67|url jdbc:h2:mem:2c0651b6-75fb-4ec8-9312-4d1cb5f4ae72|drop table if exists member CASCADE |drop table if exists member CASCADE 
1674722785834|0|statement|connection 67|url jdbc:h2:mem:2c0651b6-75fb-4ec8-9312-4d1cb5f4ae72|drop table if exists post CASCADE |drop table if exists post CASCADE 
1674723137521|0|statement|connection 66|url jdbc:h2:mem:3304b5a9-e9ed-40fd-8e98-b605c7f2660e|drop table if exists auth_session CASCADE |drop table if exists auth_session CASCADE 
1674723137522|0|statement|connection 66|url jdbc:h2:mem:3304b5a9-e9ed-40fd-8e98-b605c7f2660e|drop table if exists member CASCADE |drop table if exists member CASCADE 
1674723137522|0|statement|connection 66|url jdbc:h2:mem:3304b5a9-e9ed-40fd-8e98-b605c7f2660e|drop table if exists post CASCADE |drop table if exists post CASCADE 
1674723137637|0|statement|connection 67|url jdbc:h2:mem:0f77cf06-93ce-4e8a-a861-ae752ff70918|drop table if exists auth_session CASCADE |drop table if exists auth_session CASCADE 
1674723137637|0|statement|connection 67|url jdbc:h2:mem:0f77cf06-93ce-4e8a-a861-ae752ff70918|drop table if exists member CASCADE |drop table if exists member CASCADE 
1674723137637|0|statement|connection 67|url jdbc:h2:mem:0f77cf06-93ce-4e8a-a861-ae752ff70918|drop table if exists post CASCADE |drop table if exists post CASCADE 
1674723154204|0|statement|connection 66|url jdbc:h2:mem:fffc1c99-ebe5-4c80-a9be-6415f8b723a6|drop table if exists auth_session CASCADE |drop table if exists auth_session CASCADE 
1674723154205|0|statement|connection 66|url jdbc:h2:mem:fffc1c99-ebe5-4c80-a9be-6415f8b723a6|drop table if exists member CASCADE |drop table if exists member CASCADE 
1674723154205|0|statement|connection 66|url jdbc:h2:mem:fffc1c99-ebe5-4c80-a9be-6415f8b723a6|drop table if exists post CASCADE |drop table if exists post CASCADE 
1674723154318|0|statement|connection 67|url jdbc:h2:mem:40955817-4a20-4c6b-a5b8-baae43264fa0|drop table if exists auth_session CASCADE |drop table if exists auth_session CASCADE 
1674723154318|0|statement|connection 67|url jdbc:h2:mem:40955817-4a20-4c6b-a5b8-baae43264fa0|drop table if exists member CASCADE |drop table if exists member CASCADE 
1674723154318|0|statement|connection 67|url jdbc:h2:mem:40955817-4a20-4c6b-a5b8-baae43264fa0|drop table if exists post CASCADE |drop table if exists post CASCADE 
1674723327258|0|statement|connection 66|url jdbc:h2:mem:9b274959-dcec-48a6-bf50-d511f6d81144|drop table if exists auth_session CASCADE |drop table if exists auth_session CASCADE 
1674723327259|0|statement|connection 66|url jdbc:h2:mem:9b274959-dcec-48a6-bf50-d511f6d81144|drop table if exists member CASCADE |drop table if exists member CASCADE 
1674723327259|0|statement|connection 66|url jdbc:h2:mem:9b274959-dcec-48a6-bf50-d511f6d81144|drop table if exists post CASCADE |drop table if exists post CASCADE 
1674723327371|0|statement|connection 67|url jdbc:h2:mem:34b6743f-9d19-449b-ab98-12573f918689|drop table if exists auth_session CASCADE |drop table if exists auth_session CASCADE 
1674723327372|0|statement|connection 67|url jdbc:h2:mem:34b6743f-9d19-449b-ab98-12573f918689|drop table if exists member CASCADE |drop table if exists member CASCADE 
1674723327372|0|statement|connection 67|url jdbc:h2:mem:34b6743f-9d19-449b-ab98-12573f918689|drop table if exists post CASCADE |drop table if exists post CASCADE 
1674723364823|0|statement|connection 66|url jdbc:h2:mem:6166473f-082d-46f4-b0e3-7ae298e510d1|drop table if exists auth_session CASCADE |drop table if exists auth_session CASCADE 
1674723364824|0|statement|connection 66|url jdbc:h2:mem:6166473f-082d-46f4-b0e3-7ae298e510d1|drop table if exists member CASCADE |drop table if exists member CASCADE 
1674723364825|0|statement|connection 66|url jdbc:h2:mem:6166473f-082d-46f4-b0e3-7ae298e510d1|drop table if exists post CASCADE |drop table if exists post CASCADE 
1674723364938|0|statement|connection 67|url jdbc:h2:mem:5de10095-a919-4a3c-924e-c5510eb20829|drop table if exists auth_session CASCADE |drop table if exists auth_session CASCADE 
1674723364939|0|statement|connection 67|url jdbc:h2:mem:5de10095-a919-4a3c-924e-c5510eb20829|drop table if exists member CASCADE |drop table if exists member CASCADE 
1674723364939|0|statement|connection 67|url jdbc:h2:mem:5de10095-a919-4a3c-924e-c5510eb20829|drop table if exists post CASCADE |drop table if exists post CASCADE 
1674723378134|0|statement|connection 66|url jdbc:h2:mem:c12215fd-6a1b-4ba0-9304-814c2f4da214|drop table if exists auth_session CASCADE |drop table if exists auth_session CASCADE 
1674723378135|0|statement|connection 66|url jdbc:h2:mem:c12215fd-6a1b-4ba0-9304-814c2f4da214|drop table if exists member CASCADE |drop table if exists member CASCADE 
1674723378136|0|statement|connection 66|url jdbc:h2:mem:c12215fd-6a1b-4ba0-9304-814c2f4da214|drop table if exists post CASCADE |drop table if exists post CASCADE 
1674723378248|0|statement|connection 67|url jdbc:h2:mem:46e98fb3-64b3-40a9-8cb4-bc54bb2405e3|drop table if exists auth_session CASCADE |drop table if exists auth_session CASCADE 
1674723378249|0|statement|connection 67|url jdbc:h2:mem:46e98fb3-64b3-40a9-8cb4-bc54bb2405e3|drop table if exists member CASCADE |drop table if exists member CASCADE 
1674723378249|0|statement|connection 67|url jdbc:h2:mem:46e98fb3-64b3-40a9-8cb4-bc54bb2405e3|drop table if exists post CASCADE |drop table if exists post CASCADE 
1674734275985|0|statement|connection 66|url jdbc:h2:mem:b19fe5f0-37e8-4717-924c-b2235b321aaa|drop table if exists auth_session CASCADE |drop table if exists auth_session CASCADE 
1674734275985|0|statement|connection 66|url jdbc:h2:mem:b19fe5f0-37e8-4717-924c-b2235b321aaa|drop table if exists member CASCADE |drop table if exists member CASCADE 
1674734275985|0|statement|connection 66|url jdbc:h2:mem:b19fe5f0-37e8-4717-924c-b2235b321aaa|drop table if exists post CASCADE |drop table if exists post CASCADE 
1674734276102|0|statement|connection 67|url jdbc:h2:mem:71546bc8-48bf-43e5-bf74-6ef2c55b5652|drop table if exists auth_session CASCADE |drop table if exists auth_session CASCADE 
1674734276103|0|statement|connection 67|url jdbc:h2:mem:71546bc8-48bf-43e5-bf74-6ef2c55b5652|drop table if exists member CASCADE |drop table if exists member CASCADE 
1674734276103|0|statement|connection 67|url jdbc:h2:mem:71546bc8-48bf-43e5-bf74-6ef2c55b5652|drop table if exists post CASCADE |drop table if exists post CASCADE 
1674737245185|0|statement|connection 66|url jdbc:h2:mem:7ae1573c-ddeb-4c63-857e-f2bb6038664c|drop table if exists auth_session CASCADE |drop table if exists auth_session CASCADE 
1674737245186|0|statement|connection 66|url jdbc:h2:mem:7ae1573c-ddeb-4c63-857e-f2bb6038664c|drop table if exists member CASCADE |drop table if exists member CASCADE 
1674737245186|0|statement|connection 66|url jdbc:h2:mem:7ae1573c-ddeb-4c63-857e-f2bb6038664c|drop table if exists post CASCADE |drop table if exists post CASCADE 
1674737245340|0|statement|connection 67|url jdbc:h2:mem:97ded1ba-dd5d-4857-a0e0-96d7e73fa61a|drop table if exists auth_session CASCADE |drop table if exists auth_session CASCADE 
1674737245341|0|statement|connection 67|url jdbc:h2:mem:97ded1ba-dd5d-4857-a0e0-96d7e73fa61a|drop table if exists member CASCADE |drop table if exists member CASCADE 
1674737245341|0|statement|connection 67|url jdbc:h2:mem:97ded1ba-dd5d-4857-a0e0-96d7e73fa61a|drop table if exists post CASCADE |drop table if exists post CASCADE 
